<?xml version="1.0" encoding="UTF-8"?>
<testng-results ignored="0" total="1" passed="1" failed="0" skipped="0">
  <reporter-output>
  </reporter-output>
  <suite started-at="2022-10-16T12:28:18 IST" name="Default suite" finished-at="2022-10-16T12:28:21 IST" duration-ms="2444">
    <groups>
    </groups>
    <test started-at="2022-10-16T12:28:18 IST" name="Default test" finished-at="2022-10-16T12:28:21 IST" duration-ms="2444">
      <class name="com.mavenproject.REST_ASSURED.Basic_Method">
        <test-method signature="deleteMethod()[pri:2, instance:com.mavenproject.REST_ASSURED.Basic_Method@3a6bb9bf]" started-at="2022-10-16T12:28:18 IST" name="deleteMethod" finished-at="2022-10-16T12:28:21 IST" duration-ms="2415" status="PASS">
          <reporter-output>
          </reporter-output>
        </test-method> <!-- deleteMethod -->
      </class> <!-- com.mavenproject.REST_ASSURED.Basic_Method -->
    </test> <!-- Default test -->
  </suite> <!-- Default suite -->
</testng-results>
